  OOP_Class_work.cpp
C:\Users\User\source\repos\OOP_Class_work\OOP_Class_work.cpp(23,17): error C2969: синтаксическая ошибка: =: требуется определение функции-члена до "}"
C:\Users\User\source\repos\OOP_Class_work\OOP_Class_work.cpp(23,19): error C2059: синтаксическая ошибка: константа
C:\Users\User\source\repos\OOP_Class_work\OOP_Class_work.cpp(23,20): error C2238: непредвиденные лексемы перед ";"
C:\Users\User\source\repos\OOP_Class_work\OOP_Class_work.cpp(23,1): error C2222: непредвиденный тип "double": ожидался базовый класс или член
C:\Users\User\source\repos\OOP_Class_work\OOP_Class_work.cpp(23,9): error C2061: синтаксическая ошибка: идентификатор "m_point"
C:\Users\User\source\repos\OOP_Class_work\OOP_Class_work.cpp(30,1): error C2512: Figure: нет подходящего конструктора по умолчанию
C:\Users\User\source\repos\OOP_Class_work\OOP_Class_work.cpp(3,8): message : см. объявление "Figure"
C:\Users\User\source\repos\OOP_Class_work\OOP_Class_work.cpp(31,9): error C2065: os: необъявленный идентификатор
C:\Users\User\source\repos\OOP_Class_work\OOP_Class_work.cpp(31,34): error C2065: c: необъявленный идентификатор
C:\Users\User\source\repos\OOP_Class_work\OOP_Class_work.cpp(31,55): error C2065: c: необъявленный идентификатор
C:\Users\User\source\repos\OOP_Class_work\OOP_Class_work.cpp(31,78): error C2065: c: необъявленный идентификатор
C:\Users\User\source\repos\OOP_Class_work\OOP_Class_work.cpp(32,6): error C2065: c: необъявленный идентификатор
C:\Users\User\source\repos\OOP_Class_work\OOP_Class_work.cpp(39,7): error C2679: бинарный "<<": не найден оператор, принимающий правый операнд типа "Circle" (или приемлемое преобразование отсутствует)
C:\Program Files\Microsoft Visual Studio\2022\Community\VC\Tools\MSVC\14.36.32532\include\ostream(475,39): message : может быть "std::basic_ostream<char,std::char_traits<char>> &std::basic_ostream<char,std::char_traits<char>>::operator <<(std::basic_streambuf<char,std::char_traits<char>> *)"
C:\Program Files\Microsoft Visual Studio\2022\Community\VC\Tools\MSVC\14.36.32532\include\ostream(443,39): message : или       "std::basic_ostream<char,std::char_traits<char>> &std::basic_ostream<char,std::char_traits<char>>::operator <<(const void *)"
C:\Program Files\Microsoft Visual Studio\2022\Community\VC\Tools\MSVC\14.36.32532\include\ostream(425,39): message : или       "std::basic_ostream<char,std::char_traits<char>> &std::basic_ostream<char,std::char_traits<char>>::operator <<(long double)"
C:\Program Files\Microsoft Visual Studio\2022\Community\VC\Tools\MSVC\14.36.32532\include\ostream(407,39): message : или       "std::basic_ostream<char,std::char_traits<char>> &std::basic_ostream<char,std::char_traits<char>>::operator <<(double)"
C:\Program Files\Microsoft Visual Studio\2022\Community\VC\Tools\MSVC\14.36.32532\include\ostream(389,39): message : или       "std::basic_ostream<char,std::char_traits<char>> &std::basic_ostream<char,std::char_traits<char>>::operator <<(float)"
C:\Program Files\Microsoft Visual Studio\2022\Community\VC\Tools\MSVC\14.36.32532\include\ostream(371,39): message : или       "std::basic_ostream<char,std::char_traits<char>> &std::basic_ostream<char,std::char_traits<char>>::operator <<(unsigned __int64)"
C:\Program Files\Microsoft Visual Studio\2022\Community\VC\Tools\MSVC\14.36.32532\include\ostream(353,39): message : или       "std::basic_ostream<char,std::char_traits<char>> &std::basic_ostream<char,std::char_traits<char>>::operator <<(__int64)"
C:\Program Files\Microsoft Visual Studio\2022\Community\VC\Tools\MSVC\14.36.32532\include\ostream(335,39): message : или       "std::basic_ostream<char,std::char_traits<char>> &std::basic_ostream<char,std::char_traits<char>>::operator <<(unsigned long)"
C:\Program Files\Microsoft Visual Studio\2022\Community\VC\Tools\MSVC\14.36.32532\include\ostream(317,39): message : или       "std::basic_ostream<char,std::char_traits<char>> &std::basic_ostream<char,std::char_traits<char>>::operator <<(long)"
C:\Program Files\Microsoft Visual Studio\2022\Community\VC\Tools\MSVC\14.36.32532\include\ostream(298,39): message : или       "std::basic_ostream<char,std::char_traits<char>> &std::basic_ostream<char,std::char_traits<char>>::operator <<(unsigned int)"
C:\Program Files\Microsoft Visual Studio\2022\Community\VC\Tools\MSVC\14.36.32532\include\ostream(272,39): message : или       "std::basic_ostream<char,std::char_traits<char>> &std::basic_ostream<char,std::char_traits<char>>::operator <<(int)"
C:\Program Files\Microsoft Visual Studio\2022\Community\VC\Tools\MSVC\14.36.32532\include\ostream(253,39): message : или       "std::basic_ostream<char,std::char_traits<char>> &std::basic_ostream<char,std::char_traits<char>>::operator <<(unsigned short)"
C:\Program Files\Microsoft Visual Studio\2022\Community\VC\Tools\MSVC\14.36.32532\include\ostream(219,39): message : или       "std::basic_ostream<char,std::char_traits<char>> &std::basic_ostream<char,std::char_traits<char>>::operator <<(short)"
C:\Program Files\Microsoft Visual Studio\2022\Community\VC\Tools\MSVC\14.36.32532\include\ostream(201,39): message : или       "std::basic_ostream<char,std::char_traits<char>> &std::basic_ostream<char,std::char_traits<char>>::operator <<(bool)"
C:\Program Files\Microsoft Visual Studio\2022\Community\VC\Tools\MSVC\14.36.32532\include\ostream(195,39): message : или       "std::basic_ostream<char,std::char_traits<char>> &std::basic_ostream<char,std::char_traits<char>>::operator <<(std::ios_base &(__cdecl *)(std::ios_base &))"
C:\Program Files\Microsoft Visual Studio\2022\Community\VC\Tools\MSVC\14.36.32532\include\ostream(189,39): message : или       "std::basic_ostream<char,std::char_traits<char>> &std::basic_ostream<char,std::char_traits<char>>::operator <<(std::basic_ios<char,std::char_traits<char>> &(__cdecl *)(std::basic_ios<char,std::char_traits<char>> &))"
C:\Program Files\Microsoft Visual Studio\2022\Community\VC\Tools\MSVC\14.36.32532\include\ostream(184,39): message : или       "std::basic_ostream<char,std::char_traits<char>> &std::basic_ostream<char,std::char_traits<char>>::operator <<(std::basic_ostream<char,std::char_traits<char>> &(__cdecl *)(std::basic_ostream<char,std::char_traits<char>> &))"
C:\Program Files\Microsoft Visual Studio\2022\Community\VC\Tools\MSVC\14.36.32532\include\ostream(470,20): message : или       "std::basic_ostream<char,std::char_traits<char>> &std::basic_ostream<char,std::char_traits<char>>::operator <<(std::nullptr_t)"
C:\Users\User\source\repos\OOP_Class_work\OOP_Class_work.cpp(39,15): message : инициализация: невозможно преобразовать "Circle" в "std::nullptr_t"
C:\Users\User\source\repos\OOP_Class_work\OOP_Class_work.cpp(39,15): message : Для выполнения данного преобразования нет доступного оператора преобразования, определенного пользователем, или вызов оператора невозможен
C:\Program Files\Microsoft Visual Studio\2022\Community\VC\Tools\MSVC\14.36.32532\include\cstddef(32,27): message : или       "std::byte std::operator <<(const std::byte,const _IntType) noexcept"
C:\Users\User\source\repos\OOP_Class_work\OOP_Class_work.cpp(39): message : "std::byte std::operator <<(const std::byte,const _IntType) noexcept": не удается вывести аргумент шаблон для "__formal"
C:\Program Files\Microsoft Visual Studio\2022\Community\VC\Tools\MSVC\14.36.32532\include\xstring(1842,32): message : или       "std::basic_ostream<_Elem,_Traits> &std::operator <<(std::basic_ostream<_Elem,_Traits> &,const std::basic_string_view<_Elem,_Traits>)"
C:\Users\User\source\repos\OOP_Class_work\OOP_Class_work.cpp(39,7): message : 'std::basic_ostream<_Elem,_Traits> &std::operator <<(std::basic_ostream<_Elem,_Traits> &,const std::basic_string_view<_Elem,_Traits>)': не удалось вывести аргумент шаблон для 'const std::basic_string_view<_Elem,_Traits>' из 'Circle'
C:\Program Files\Microsoft Visual Studio\2022\Community\VC\Tools\MSVC\14.36.32532\include\xstring(5221,32): message : или       "std::basic_ostream<_Elem,_Traits> &std::operator <<(std::basic_ostream<_Elem,_Traits> &,const std::basic_string<_Elem,_Traits,_Alloc> &)"
C:\Users\User\source\repos\OOP_Class_work\OOP_Class_work.cpp(39,7): message : 'std::basic_ostream<_Elem,_Traits> &std::operator <<(std::basic_ostream<_Elem,_Traits> &,const std::basic_string<_Elem,_Traits,_Alloc> &)': не удалось вывести аргумент шаблон для 'const std::basic_string<_Elem,_Traits,_Alloc> &' из 'Circle'
C:\Program Files\Microsoft Visual Studio\2022\Community\VC\Tools\MSVC\14.36.32532\include\memory(1976,32): message : или       "std::basic_ostream<_Elem,_Traits> &std::operator <<(std::basic_ostream<_Elem,_Traits> &,const std::shared_ptr<_Ty> &)"
C:\Users\User\source\repos\OOP_Class_work\OOP_Class_work.cpp(39,7): message : 'std::basic_ostream<_Elem,_Traits> &std::operator <<(std::basic_ostream<_Elem,_Traits> &,const std::shared_ptr<_Ty> &)': не удалось вывести аргумент шаблон для 'const std::shared_ptr<_Ty> &' из 'Circle'
C:\Program Files\Microsoft Visual Studio\2022\Community\VC\Tools\MSVC\14.36.32532\include\memory(3629,32): message : или       "std::basic_ostream<_Elem,_Traits> &std::operator <<(std::basic_ostream<_Elem,_Traits> &,const std::unique_ptr<_Ty2,_Dx2> &)"
C:\Users\User\source\repos\OOP_Class_work\OOP_Class_work.cpp(39,7): message : 'std::basic_ostream<_Elem,_Traits> &std::operator <<(std::basic_ostream<_Elem,_Traits> &,const std::unique_ptr<_Ty2,_Dx2> &)': не удалось вывести аргумент шаблон для 'const std::unique_ptr<_Ty2,_Dx2> &' из 'Circle'
C:\Program Files\Microsoft Visual Studio\2022\Community\VC\Tools\MSVC\14.36.32532\include\ostream(681,32): message : или       "std::basic_ostream<_Elem,_Traits> &std::operator <<(std::basic_ostream<_Elem,_Traits> &,const char *)"
C:\Users\User\source\repos\OOP_Class_work\OOP_Class_work.cpp(39,15): message : инициализация: невозможно преобразовать "Circle" в "const char *"
C:\Users\User\source\repos\OOP_Class_work\OOP_Class_work.cpp(39,15): message : Для выполнения данного преобразования нет доступного оператора преобразования, определенного пользователем, или вызов оператора невозможен
C:\Program Files\Microsoft Visual Studio\2022\Community\VC\Tools\MSVC\14.36.32532\include\ostream(725,32): message : или       "std::basic_ostream<_Elem,_Traits> &std::operator <<(std::basic_ostream<_Elem,_Traits> &,char)"
C:\Users\User\source\repos\OOP_Class_work\OOP_Class_work.cpp(39,15): message : инициализация: невозможно преобразовать "Circle" в "char"
C:\Users\User\source\repos\OOP_Class_work\OOP_Class_work.cpp(39,15): message : Для выполнения данного преобразования нет доступного оператора преобразования, определенного пользователем, или вызов оператора невозможен
C:\Program Files\Microsoft Visual Studio\2022\Community\VC\Tools\MSVC\14.36.32532\include\ostream(761,31): message : или       "std::basic_ostream<char,_Traits> &std::operator <<(std::basic_ostream<char,_Traits> &,const char *)"
C:\Users\User\source\repos\OOP_Class_work\OOP_Class_work.cpp(39,15): message : инициализация: невозможно преобразовать "Circle" в "const char *"
C:\Users\User\source\repos\OOP_Class_work\OOP_Class_work.cpp(39,15): message : Для выполнения данного преобразования нет доступного оператора преобразования, определенного пользователем, или вызов оператора невозможен
C:\Program Files\Microsoft Visual Studio\2022\Community\VC\Tools\MSVC\14.36.32532\include\ostream(806,31): message : или       "std::basic_ostream<char,_Traits> &std::operator <<(std::basic_ostream<char,_Traits> &,char)"
C:\Users\User\source\repos\OOP_Class_work\OOP_Class_work.cpp(39,15): message : инициализация: невозможно преобразовать "Circle" в "char"
C:\Users\User\source\repos\OOP_Class_work\OOP_Class_work.cpp(39,15): message : Для выполнения данного преобразования нет доступного оператора преобразования, определенного пользователем, или вызов оператора невозможен
C:\Program Files\Microsoft Visual Studio\2022\Community\VC\Tools\MSVC\14.36.32532\include\ostream(844,32): message : или       "std::basic_ostream<_Elem,_Traits> &std::operator <<(std::basic_ostream<_Elem,_Traits> &,const _Elem *)"
C:\Users\User\source\repos\OOP_Class_work\OOP_Class_work.cpp(39,7): message : 'std::basic_ostream<_Elem,_Traits> &std::operator <<(std::basic_ostream<_Elem,_Traits> &,const _Elem *)': не удалось вывести аргумент шаблон для 'const _Elem *' из 'Circle'
C:\Program Files\Microsoft Visual Studio\2022\Community\VC\Tools\MSVC\14.36.32532\include\ostream(887,32): message : или       "std::basic_ostream<_Elem,_Traits> &std::operator <<(std::basic_ostream<_Elem,_Traits> &,_Elem)"
C:\Users\User\source\repos\OOP_Class_work\OOP_Class_work.cpp(39,7): message : "std::basic_ostream<_Elem,_Traits> &std::operator <<(std::basic_ostream<_Elem,_Traits> &,_Elem)": в шаблон параметр "_Elem" неоднозначен
C:\Users\User\source\repos\OOP_Class_work\OOP_Class_work.cpp(39,7): message : может быть "Circle"
C:\Users\User\source\repos\OOP_Class_work\OOP_Class_work.cpp(39,7): message : или       "char"
C:\Users\User\source\repos\OOP_Class_work\OOP_Class_work.cpp(39,7): message : 'std::basic_ostream<_Elem,_Traits> &std::operator <<(std::basic_ostream<_Elem,_Traits> &,_Elem)': не удалось вывести аргумент шаблон для '_Elem' из 'Circle'
C:\Program Files\Microsoft Visual Studio\2022\Community\VC\Tools\MSVC\14.36.32532\include\ostream(923,31): message : или       "std::basic_ostream<char,_Traits> &std::operator <<(std::basic_ostream<char,_Traits> &,const signed char *)"
C:\Users\User\source\repos\OOP_Class_work\OOP_Class_work.cpp(39,15): message : инициализация: невозможно преобразовать "Circle" в "const signed char *"
C:\Users\User\source\repos\OOP_Class_work\OOP_Class_work.cpp(39,15): message : Для выполнения данного преобразования нет доступного оператора преобразования, определенного пользователем, или вызов оператора невозможен
C:\Program Files\Microsoft Visual Studio\2022\Community\VC\Tools\MSVC\14.36.32532\include\ostream(929,31): message : или       "std::basic_ostream<char,_Traits> &std::operator <<(std::basic_ostream<char,_Traits> &,signed char)"
C:\Users\User\source\repos\OOP_Class_work\OOP_Class_work.cpp(39,15): message : инициализация: невозможно преобразовать "Circle" в "signed char"
C:\Users\User\source\repos\OOP_Class_work\OOP_Class_work.cpp(39,15): message : Для выполнения данного преобразования нет доступного оператора преобразования, определенного пользователем, или вызов оператора невозможен
C:\Program Files\Microsoft Visual Studio\2022\Community\VC\Tools\MSVC\14.36.32532\include\ostream(934,31): message : или       "std::basic_ostream<char,_Traits> &std::operator <<(std::basic_ostream<char,_Traits> &,const unsigned char *)"
C:\Users\User\source\repos\OOP_Class_work\OOP_Class_work.cpp(39,15): message : инициализация: невозможно преобразовать "Circle" в "const unsigned char *"
C:\Users\User\source\repos\OOP_Class_work\OOP_Class_work.cpp(39,15): message : Для выполнения данного преобразования нет доступного оператора преобразования, определенного пользователем, или вызов оператора невозможен
C:\Program Files\Microsoft Visual Studio\2022\Community\VC\Tools\MSVC\14.36.32532\include\ostream(940,31): message : или       "std::basic_ostream<char,_Traits> &std::operator <<(std::basic_ostream<char,_Traits> &,unsigned char)"
C:\Users\User\source\repos\OOP_Class_work\OOP_Class_work.cpp(39,15): message : инициализация: невозможно преобразовать "Circle" в "unsigned char"
C:\Users\User\source\repos\OOP_Class_work\OOP_Class_work.cpp(39,15): message : Для выполнения данного преобразования нет доступного оператора преобразования, определенного пользователем, или вызов оператора невозможен
C:\Program Files\Microsoft Visual Studio\2022\Community\VC\Tools\MSVC\14.36.32532\include\ostream(948,31): message : или       "std::basic_ostream<char,_Traits> &std::operator <<(std::basic_ostream<char,_Traits> &,const char8_t *)"
C:\Users\User\source\repos\OOP_Class_work\OOP_Class_work.cpp(39,15): message : инициализация: невозможно преобразовать "Circle" в "const char8_t *"
C:\Users\User\source\repos\OOP_Class_work\OOP_Class_work.cpp(39,15): message : Для выполнения данного преобразования нет доступного оператора преобразования, определенного пользователем, или вызов оператора невозможен
C:\Program Files\Microsoft Visual Studio\2022\Community\VC\Tools\MSVC\14.36.32532\include\ostream(950,34): message : или       "std::basic_ostream<wchar_t,_Traits> &std::operator <<(std::basic_ostream<wchar_t,_Traits> &,const char8_t *)"
C:\Users\User\source\repos\OOP_Class_work\OOP_Class_work.cpp(39,7): message : 'std::basic_ostream<wchar_t,_Traits> &std::operator <<(std::basic_ostream<wchar_t,_Traits> &,const char8_t *)': не удалось вывести аргумент шаблон для 'std::basic_ostream<wchar_t,_Traits> &' из 'std::ostream'
C:\Program Files\Microsoft Visual Studio\2022\Community\VC\Tools\MSVC\14.36.32532\include\ostream(954,31): message : или       "std::basic_ostream<char,_Traits> &std::operator <<(std::basic_ostream<char,_Traits> &,char8_t)"
C:\Users\User\source\repos\OOP_Class_work\OOP_Class_work.cpp(39,15): message : инициализация: невозможно преобразовать "Circle" в "char8_t"
C:\Users\User\source\repos\OOP_Class_work\OOP_Class_work.cpp(39,15): message : Для выполнения данного преобразования нет доступного оператора преобразования, определенного пользователем, или вызов оператора невозможен
C:\Program Files\Microsoft Visual Studio\2022\Community\VC\Tools\MSVC\14.36.32532\include\ostream(956,34): message : или       "std::basic_ostream<wchar_t,_Traits> &std::operator <<(std::basic_ostream<wchar_t,_Traits> &,char8_t)"
C:\Users\User\source\repos\OOP_Class_work\OOP_Class_work.cpp(39,7): message : 'std::basic_ostream<wchar_t,_Traits> &std::operator <<(std::basic_ostream<wchar_t,_Traits> &,char8_t)': не удалось вывести аргумент шаблон для 'std::basic_ostream<wchar_t,_Traits> &' из 'std::ostream'
C:\Program Files\Microsoft Visual Studio\2022\Community\VC\Tools\MSVC\14.36.32532\include\ostream(962,31): message : или       "std::basic_ostream<char,_Traits> &std::operator <<(std::basic_ostream<char,_Traits> &,wchar_t)"
C:\Users\User\source\repos\OOP_Class_work\OOP_Class_work.cpp(39,15): message : инициализация: невозможно преобразовать "Circle" в "wchar_t"
C:\Users\User\source\repos\OOP_Class_work\OOP_Class_work.cpp(39,15): message : Для выполнения данного преобразования нет доступного оператора преобразования, определенного пользователем, или вызов оператора невозможен
C:\Program Files\Microsoft Visual Studio\2022\Community\VC\Tools\MSVC\14.36.32532\include\ostream(965,31): message : или       "std::basic_ostream<char,_Traits> &std::operator <<(std::basic_ostream<char,_Traits> &,const wchar_t *)"
C:\Users\User\source\repos\OOP_Class_work\OOP_Class_work.cpp(39,15): message : инициализация: невозможно преобразовать "Circle" в "const wchar_t *"
C:\Users\User\source\repos\OOP_Class_work\OOP_Class_work.cpp(39,15): message : Для выполнения данного преобразования нет доступного оператора преобразования, определенного пользователем, или вызов оператора невозможен
C:\Program Files\Microsoft Visual Studio\2022\Community\VC\Tools\MSVC\14.36.32532\include\ostream(969,31): message : или       "std::basic_ostream<char,_Traits> &std::operator <<(std::basic_ostream<char,_Traits> &,char16_t)"
C:\Users\User\source\repos\OOP_Class_work\OOP_Class_work.cpp(39,15): message : инициализация: невозможно преобразовать "Circle" в "char16_t"
C:\Users\User\source\repos\OOP_Class_work\OOP_Class_work.cpp(39,15): message : Для выполнения данного преобразования нет доступного оператора преобразования, определенного пользователем, или вызов оператора невозможен
C:\Program Files\Microsoft Visual Studio\2022\Community\VC\Tools\MSVC\14.36.32532\include\ostream(971,31): message : или       "std::basic_ostream<char,_Traits> &std::operator <<(std::basic_ostream<char,_Traits> &,char32_t)"
C:\Users\User\source\repos\OOP_Class_work\OOP_Class_work.cpp(39,15): message : инициализация: невозможно преобразовать "Circle" в "char32_t"
C:\Users\User\source\repos\OOP_Class_work\OOP_Class_work.cpp(39,15): message : Для выполнения данного преобразования нет доступного оператора преобразования, определенного пользователем, или вызов оператора невозможен
C:\Program Files\Microsoft Visual Studio\2022\Community\VC\Tools\MSVC\14.36.32532\include\ostream(974,34): message : или       "std::basic_ostream<wchar_t,_Traits> &std::operator <<(std::basic_ostream<wchar_t,_Traits> &,char16_t)"
C:\Users\User\source\repos\OOP_Class_work\OOP_Class_work.cpp(39,7): message : 'std::basic_ostream<wchar_t,_Traits> &std::operator <<(std::basic_ostream<wchar_t,_Traits> &,char16_t)': не удалось вывести аргумент шаблон для 'std::basic_ostream<wchar_t,_Traits> &' из 'std::ostream'
C:\Program Files\Microsoft Visual Studio\2022\Community\VC\Tools\MSVC\14.36.32532\include\ostream(976,34): message : или       "std::basic_ostream<wchar_t,_Traits> &std::operator <<(std::basic_ostream<wchar_t,_Traits> &,char32_t)"
C:\Users\User\source\repos\OOP_Class_work\OOP_Class_work.cpp(39,7): message : 'std::basic_ostream<wchar_t,_Traits> &std::operator <<(std::basic_ostream<wchar_t,_Traits> &,char32_t)': не удалось вывести аргумент шаблон для 'std::basic_ostream<wchar_t,_Traits> &' из 'std::ostream'
C:\Program Files\Microsoft Visual Studio\2022\Community\VC\Tools\MSVC\14.36.32532\include\ostream(979,31): message : или       "std::basic_ostream<char,_Traits> &std::operator <<(std::basic_ostream<char,_Traits> &,const char16_t *)"
C:\Users\User\source\repos\OOP_Class_work\OOP_Class_work.cpp(39,15): message : инициализация: невозможно преобразовать "Circle" в "const char16_t *"
C:\Users\User\source\repos\OOP_Class_work\OOP_Class_work.cpp(39,15): message : Для выполнения данного преобразования нет доступного оператора преобразования, определенного пользователем, или вызов оператора невозможен
C:\Program Files\Microsoft Visual Studio\2022\Community\VC\Tools\MSVC\14.36.32532\include\ostream(981,31): message : или       "std::basic_ostream<char,_Traits> &std::operator <<(std::basic_ostream<char,_Traits> &,const char32_t *)"
C:\Users\User\source\repos\OOP_Class_work\OOP_Class_work.cpp(39,15): message : инициализация: невозможно преобразовать "Circle" в "const char32_t *"
C:\Users\User\source\repos\OOP_Class_work\OOP_Class_work.cpp(39,15): message : Для выполнения данного преобразования нет доступного оператора преобразования, определенного пользователем, или вызов оператора невозможен
C:\Program Files\Microsoft Visual Studio\2022\Community\VC\Tools\MSVC\14.36.32532\include\ostream(984,34): message : или       "std::basic_ostream<wchar_t,_Traits> &std::operator <<(std::basic_ostream<wchar_t,_Traits> &,const char16_t *)"
C:\Users\User\source\repos\OOP_Class_work\OOP_Class_work.cpp(39,7): message : 'std::basic_ostream<wchar_t,_Traits> &std::operator <<(std::basic_ostream<wchar_t,_Traits> &,const char16_t *)': не удалось вывести аргумент шаблон для 'std::basic_ostream<wchar_t,_Traits> &' из 'std::ostream'
C:\Program Files\Microsoft Visual Studio\2022\Community\VC\Tools\MSVC\14.36.32532\include\ostream(986,34): message : или       "std::basic_ostream<wchar_t,_Traits> &std::operator <<(std::basic_ostream<wchar_t,_Traits> &,const char32_t *)"
C:\Users\User\source\repos\OOP_Class_work\OOP_Class_work.cpp(39,7): message : 'std::basic_ostream<wchar_t,_Traits> &std::operator <<(std::basic_ostream<wchar_t,_Traits> &,const char32_t *)': не удалось вывести аргумент шаблон для 'std::basic_ostream<wchar_t,_Traits> &' из 'std::ostream'
C:\Program Files\Microsoft Visual Studio\2022\Community\VC\Tools\MSVC\14.36.32532\include\ostream(998,9): message : или       "_Ostr &&std::operator <<(_Ostr &&,const _Ty &)"
C:\Users\User\source\repos\OOP_Class_work\OOP_Class_work.cpp(39): message : "_Ostr &&std::operator <<(_Ostr &&,const _Ty &)": не удается вывести аргумент шаблон для "__formal"
C:\Program Files\Microsoft Visual Studio\2022\Community\VC\Tools\MSVC\14.36.32532\include\ostream(1075,32): message : или       "std::basic_ostream<_Elem,_Traits> &std::operator <<(std::basic_ostream<_Elem,_Traits> &,const std::error_code &)"
C:\Users\User\source\repos\OOP_Class_work\OOP_Class_work.cpp(39,15): message : инициализация: невозможно преобразовать "Circle" в "const std::error_code &"
C:\Users\User\source\repos\OOP_Class_work\OOP_Class_work.cpp(39,15): message : Причина: невозможно преобразовать "Circle" в "const std::error_code"
C:\Users\User\source\repos\OOP_Class_work\OOP_Class_work.cpp(39,15): message : Для выполнения данного преобразования нет доступного оператора преобразования, определенного пользователем, или вызов оператора невозможен
C:\Users\User\source\repos\OOP_Class_work\OOP_Class_work.cpp(39,7): message : при попытке сопоставить список аргументов "(std::ostream, Circle)"
